# JRE version: OpenJDK Runtime Environment (8.0_112-b06) (build 1.8.0_112-release-b06)
# Java VM: OpenJDK 64-Bit Server VM (25.112-b06 mixed mode windows-amd64 compressed oops)
Heap:
 PSYoungGen      total 58880K, used 43870K [0x00000000e0000000, 0x00000000e4680000, 0x0000000100000000)
  eden space 58368K, 75% used [0x00000000e0000000,0x00000000e2ad7b20,0x00000000e3900000)
  from space 512K, 0% used [0x00000000e4600000,0x00000000e4600000,0x00000000e4680000)
  to   space 5120K, 0% used [0x00000000e4100000,0x00000000e4100000,0x00000000e4600000)
 ParOldGen       total 72704K, used 18176K [0x00000000a0000000, 0x00000000a4700000, 0x00000000e0000000)
  object space 72704K, 25% used [0x00000000a0000000,0x00000000a11c01c0,0x00000000a4700000)
 Metaspace       used 37472K, capacity 38108K, committed 38528K, reserved 1083392K
  class space    used 4761K, capacity 4928K, committed 4992K, reserved 1048576K
GC Heap History (10 events):
Event: 5.758 GC heap before
{Heap before GC invocations=5 (full 2):
 PSYoungGen      total 38400K, used 5102K [0x00000000e0000000, 0x00000000e4b00000, 0x0000000100000000)
  eden space 33280K, 0% used [0x00000000e0000000,0x00000000e0000000,0x00000000e2080000)
  from space 5120K, 99% used [0x00000000e2080000,0x00000000e257bbf0,0x00000000e2580000)
  to   space 5120K, 0% used [0x00000000e4600000,0x00000000e4600000,0x00000000e4b00000)
 ParOldGen       total 87552K, used 9339K [0x00000000a0000000, 0x00000000a5580000, 0x00000000e0000000)
  object space 87552K, 10% used [0x00000000a0000000,0x00000000a091ef60,0x00000000a5580000)
 Metaspace       used 20702K, capacity 21076K, committed 21296K, reserved 1069056K
  class space    used 2537K, capacity 2650K, committed 2688K, reserved 1048576K
Event: 5.853 GC heap after
Heap after GC invocations=5 (full 2):
 PSYoungGen      total 38400K, used 0K [0x00000000e0000000, 0x00000000e4b00000, 0x0000000100000000)
  eden space 33280K, 0% used [0x00000000e0000000,0x00000000e0000000,0x00000000e2080000)
  from space 5120K, 0% used [0x00000000e2080000,0x00000000e2080000,0x00000000e2580000)
  to   space 5120K, 0% used [0x00000000e4600000,0x00000000e4600000,0x00000000e4b00000)
 ParOldGen       total 72704K, used 10643K [0x00000000a0000000, 0x00000000a4700000, 0x00000000e0000000)
  object space 72704K, 14% used [0x00000000a0000000,0x00000000a0a64c90,0x00000000a4700000)
 Metaspace       used 20702K, capacity 21076K, committed 21296K, reserved 1069056K
  class space    used 2537K, capacity 2650K, committed 2688K, reserved 1048576K
}
Event: 7.253 GC heap before
{Heap before GC invocations=6 (full 2):
 PSYoungGen      total 38400K, used 33280K [0x00000000e0000000, 0x00000000e4b00000, 0x0000000100000000)
  eden space 33280K, 100% used [0x00000000e0000000,0x00000000e2080000,0x00000000e2080000)
  from space 5120K, 0% used [0x00000000e2080000,0x00000000e2080000,0x00000000e2580000)
  to   space 5120K, 0% used [0x00000000e4600000,0x00000000e4600000,0x00000000e4b00000)
 ParOldGen       total 72704K, used 10643K [0x00000000a0000000, 0x00000000a4700000, 0x00000000e0000000)
  object space 72704K, 14% used [0x00000000a0000000,0x00000000a0a64c90,0x00000000a4700000)
 Metaspace       used 24361K, capacity 24872K, committed 25088K, reserved 1071104K
  class space    used 3146K, capacity 3266K, committed 3328K, reserved 1048576K
Event: 7.268 GC heap after
Heap after GC invocations=6 (full 2):
 PSYoungGen      total 48640K, used 5102K [0x00000000e0000000, 0x00000000e4b00000, 0x0000000100000000)
  eden space 43520K, 0% used [0x00000000e0000000,0x00000000e0000000,0x00000000e2a80000)
  from space 5120K, 99% used [0x00000000e4600000,0x00000000e4afbac8,0x00000000e4b00000)
  to   space 5120K, 0% used [0x00000000e4100000,0x00000000e4100000,0x00000000e4600000)
 ParOldGen       total 72704K, used 12334K [0x00000000a0000000, 0x00000000a4700000, 0x00000000e0000000)
  object space 72704K, 16% used [0x00000000a0000000,0x00000000a0c0ba50,0x00000000a4700000)
 Metaspace       used 24361K, capacity 24872K, committed 25088K, reserved 1071104K
  class space    used 3146K, capacity 3266K, committed 3328K, reserved 1048576K
}
Event: 8.454 GC heap before
{Heap before GC invocations=7 (full 2):
 PSYoungGen      total 48640K, used 48622K [0x00000000e0000000, 0x00000000e4b00000, 0x0000000100000000)
  eden space 43520K, 100% used [0x00000000e0000000,0x00000000e2a80000,0x00000000e2a80000)
  from space 5120K, 99% used [0x00000000e4600000,0x00000000e4afbac8,0x00000000e4b00000)
  to   space 5120K, 0% used [0x00000000e4100000,0x00000000e4100000,0x00000000e4600000)
 ParOldGen       total 72704K, used 12334K [0x00000000a0000000, 0x00000000a4700000, 0x00000000e0000000)
  object space 72704K, 16% used [0x00000000a0000000,0x00000000a0c0ba50,0x00000000a4700000)
 Metaspace       used 31549K, capacity 32068K, committed 32384K, reserved 1077248K
  class space    used 4051K, capacity 4206K, committed 4224K, reserved 1048576K
Event: 8.476 GC heap after
Heap after GC invocations=7 (full 2):
 PSYoungGen      total 63488K, used 5112K [0x00000000e0000000, 0x00000000e4680000, 0x0000000100000000)
  eden space 58368K, 0% used [0x00000000e0000000,0x00000000e0000000,0x00000000e3900000)
  from space 5120K, 99% used [0x00000000e4100000,0x00000000e45fe168,0x00000000e4600000)
  to   space 512K, 0% used [0x00000000e4600000,0x00000000e4600000,0x00000000e4680000)
 ParOldGen       total 72704K, used 23103K [0x00000000a0000000, 0x00000000a4700000, 0x00000000e0000000)
  object space 72704K, 31% used [0x00000000a0000000,0x00000000a168fe38,0x00000000a4700000)
 Metaspace       used 31549K, capacity 32068K, committed 32384K, reserved 1077248K
  class space    used 4051K, capacity 4206K, committed 4224K, reserved 1048576K
}
Event: 9.206 GC heap before
{Heap before GC invocations=8 (full 2):
 PSYoungGen      total 63488K, used 28757K [0x00000000e0000000, 0x00000000e4680000, 0x0000000100000000)
  eden space 58368K, 40% used [0x00000000e0000000,0x00000000e1717320,0x00000000e3900000)
  from space 5120K, 99% used [0x00000000e4100000,0x00000000e45fe168,0x00000000e4600000)
  to   space 512K, 0% used [0x00000000e4600000,0x00000000e4600000,0x00000000e4680000)
 ParOldGen       total 72704K, used 23103K [0x00000000a0000000, 0x00000000a4700000, 0x00000000e0000000)
  object space 72704K, 31% used [0x00000000a0000000,0x00000000a168fe38,0x00000000a4700000)
 Metaspace       used 34633K, capacity 35138K, committed 35496K, reserved 1081344K
  class space    used 4413K, capacity 4553K, committed 4608K, reserved 1048576K
Event: 9.217 GC heap after
Heap after GC invocations=8 (full 2):
 PSYoungGen      total 58880K, used 504K [0x00000000e0000000, 0x00000000e4680000, 0x0000000100000000)
  eden space 58368K, 0% used [0x00000000e0000000,0x00000000e0000000,0x00000000e3900000)
  from space 512K, 98% used [0x00000000e4600000,0x00000000e467e158,0x00000000e4680000)
  to   space 5120K, 0% used [0x00000000e4100000,0x00000000e4100000,0x00000000e4600000)
 ParOldGen       total 72704K, used 33338K [0x00000000a0000000, 0x00000000a4700000, 0x00000000e0000000)
  object space 72704K, 45% used [0x00000000a0000000,0x00000000a208eaa0,0x00000000a4700000)
 Metaspace       used 34633K, capacity 35138K, committed 35496K, reserved 1081344K
  class space    used 4413K, capacity 4553K, committed 4608K, reserved 1048576K
}
Event: 9.217 GC heap before
{Heap before GC invocations=9 (full 3):
 PSYoungGen      total 58880K, used 504K [0x00000000e0000000, 0x00000000e4680000, 0x0000000100000000)
  eden space 58368K, 0% used [0x00000000e0000000,0x00000000e0000000,0x00000000e3900000)
  from space 512K, 98% used [0x00000000e4600000,0x00000000e467e158,0x00000000e4680000)
  to   space 5120K, 0% used [0x00000000e4100000,0x00000000e4100000,0x00000000e4600000)
 ParOldGen       total 72704K, used 33338K [0x00000000a0000000, 0x00000000a4700000, 0x00000000e0000000)
  object space 72704K, 45% used [0x00000000a0000000,0x00000000a208eaa0,0x00000000a4700000)
 Metaspace       used 34633K, capacity 35138K, committed 35496K, reserved 1081344K
  class space    used 4413K, capacity 4553K, committed 4608K, reserved 1048576K
Event: 9.320 GC heap after
Heap after GC invocations=9 (full 3):
 PSYoungGen      total 58880K, used 0K [0x00000000e0000000, 0x00000000e4680000, 0x0000000100000000)
  eden space 58368K, 0% used [0x00000000e0000000,0x00000000e0000000,0x00000000e3900000)
  from space 512K, 0% used [0x00000000e4600000,0x00000000e4600000,0x00000000e4680000)
  to   space 5120K, 0% used [0x00000000e4100000,0x00000000e4100000,0x00000000e4600000)
 ParOldGen       total 72704K, used 18176K [0x00000000a0000000, 0x00000000a4700000, 0x00000000e0000000)
  object space 72704K, 25% used [0x00000000a0000000,0x00000000a11c01c0,0x00000000a4700000)
 Metaspace       used 34633K, capacity 35138K, committed 35496K, reserved 1081344K
  class space    used 4413K, capacity 4553K, committed 4608K, reserved 1048576K
}

