# JRE version: OpenJDK Runtime Environment (8.0_112-b06) (build 1.8.0_112-release-b06)
# Java VM: OpenJDK 64-Bit Server VM (25.112-b06 mixed mode windows-amd64 compressed oops)
Heap:
 PSYoungGen      total 377856K, used 129521K [0x00000000e0000000, 0x00000000f9b00000, 0x0000000100000000)
  eden space 338432K, 34% used [0x00000000e0000000,0x00000000e7367fb0,0x00000000f4a80000)
  from space 39424K, 28% used [0x00000000f4a80000,0x00000000f5594828,0x00000000f7100000)
  to   space 28160K, 0% used [0x00000000f7100000,0x00000000f7100000,0x00000000f8c80000)
 ParOldGen       total 201216K, used 145185K [0x00000000a0000000, 0x00000000ac480000, 0x00000000e0000000)
  object space 201216K, 72% used [0x00000000a0000000,0x00000000a8dc86e0,0x00000000ac480000)
 Metaspace       used 59472K, capacity 60804K, committed 60928K, reserved 1103872K
  class space    used 7030K, capacity 7360K, committed 7424K, reserved 1048576K
GC Heap History (10 events):
Event: 9.849 GC heap before
{Heap before GC invocations=15 (full 4):
 PSYoungGen      total 177664K, used 130819K [0x00000000e0000000, 0x00000000ee980000, 0x0000000100000000)
  eden space 156160K, 83% used [0x00000000e0000000,0x00000000e7fc0f50,0x00000000e9880000)
  from space 21504K, 0% used [0x00000000ed480000,0x00000000ed480000,0x00000000ee980000)
  to   space 30208K, 0% used [0x00000000eae80000,0x00000000eae80000,0x00000000ecc00000)
 ParOldGen       total 201216K, used 89205K [0x00000000a0000000, 0x00000000ac480000, 0x00000000e0000000)
  object space 201216K, 44% used [0x00000000a0000000,0x00000000a571d418,0x00000000ac480000)
 Metaspace       used 43351K, capacity 44108K, committed 44416K, reserved 1087488K
  class space    used 5504K, capacity 5696K, committed 5760K, reserved 1048576K
Event: 9.861 GC heap after
Heap after GC invocations=15 (full 4):
 PSYoungGen      total 208896K, used 15335K [0x00000000e0000000, 0x00000000f2080000, 0x0000000100000000)
  eden space 178688K, 0% used [0x00000000e0000000,0x00000000e0000000,0x00000000eae80000)
  from space 30208K, 50% used [0x00000000eae80000,0x00000000ebd79e78,0x00000000ecc00000)
  to   space 29184K, 0% used [0x00000000f0400000,0x00000000f0400000,0x00000000f2080000)
 ParOldGen       total 201216K, used 89213K [0x00000000a0000000, 0x00000000ac480000, 0x00000000e0000000)
  object space 201216K, 44% used [0x00000000a0000000,0x00000000a571f418,0x00000000ac480000)
 Metaspace       used 43351K, capacity 44108K, committed 44416K, reserved 1087488K
  class space    used 5504K, capacity 5696K, committed 5760K, reserved 1048576K
}
Event: 10.650 GC heap before
{Heap before GC invocations=16 (full 4):
 PSYoungGen      total 208896K, used 166800K [0x00000000e0000000, 0x00000000f2080000, 0x0000000100000000)
  eden space 178688K, 84% used [0x00000000e0000000,0x00000000e93ea578,0x00000000eae80000)
  from space 30208K, 50% used [0x00000000eae80000,0x00000000ebd79e78,0x00000000ecc00000)
  to   space 29184K, 0% used [0x00000000f0400000,0x00000000f0400000,0x00000000f2080000)
 ParOldGen       total 201216K, used 89213K [0x00000000a0000000, 0x00000000ac480000, 0x00000000e0000000)
  object space 201216K, 44% used [0x00000000a0000000,0x00000000a571f418,0x00000000ac480000)
 Metaspace       used 46178K, capacity 47008K, committed 47360K, reserved 1091584K
  class space    used 5918K, capacity 6110K, committed 6144K, reserved 1048576K
Event: 10.662 GC heap after
Heap after GC invocations=16 (full 4):
 PSYoungGen      total 266752K, used 17529K [0x00000000e0000000, 0x00000000f3d80000, 0x0000000100000000)
  eden space 237568K, 0% used [0x00000000e0000000,0x00000000e0000000,0x00000000ee800000)
  from space 29184K, 60% used [0x00000000f0400000,0x00000000f151e688,0x00000000f2080000)
  to   space 28672K, 0% used [0x00000000ee800000,0x00000000ee800000,0x00000000f0400000)
 ParOldGen       total 201216K, used 93335K [0x00000000a0000000, 0x00000000ac480000, 0x00000000e0000000)
  object space 201216K, 46% used [0x00000000a0000000,0x00000000a5b25d28,0x00000000ac480000)
 Metaspace       used 46178K, capacity 47008K, committed 47360K, reserved 1091584K
  class space    used 5918K, capacity 6110K, committed 6144K, reserved 1048576K
}
Event: 739.360 GC heap before
{Heap before GC invocations=17 (full 4):
 PSYoungGen      total 266752K, used 255097K [0x00000000e0000000, 0x00000000f3d80000, 0x0000000100000000)
  eden space 237568K, 100% used [0x00000000e0000000,0x00000000ee800000,0x00000000ee800000)
  from space 29184K, 60% used [0x00000000f0400000,0x00000000f151e688,0x00000000f2080000)
  to   space 28672K, 0% used [0x00000000ee800000,0x00000000ee800000,0x00000000f0400000)
 ParOldGen       total 201216K, used 93335K [0x00000000a0000000, 0x00000000ac480000, 0x00000000e0000000)
  object space 201216K, 46% used [0x00000000a0000000,0x00000000a5b25d28,0x00000000ac480000)
 Metaspace       used 55494K, capacity 56600K, committed 56832K, reserved 1099776K
  class space    used 6792K, capacity 7076K, committed 7168K, reserved 1048576K
Event: 739.399 GC heap after
Heap after GC invocations=17 (full 4):
 PSYoungGen      total 266240K, used 16538K [0x00000000e0000000, 0x00000000f8c80000, 0x0000000100000000)
  eden space 237568K, 0% used [0x00000000e0000000,0x00000000e0000000,0x00000000ee800000)
  from space 28672K, 57% used [0x00000000ee800000,0x00000000ef826ae0,0x00000000f0400000)
  to   space 28160K, 0% used [0x00000000f7100000,0x00000000f7100000,0x00000000f8c80000)
 ParOldGen       total 201216K, used 97358K [0x00000000a0000000, 0x00000000ac480000, 0x00000000e0000000)
  object space 201216K, 48% used [0x00000000a0000000,0x00000000a5f13a20,0x00000000ac480000)
 Metaspace       used 55494K, capacity 56600K, committed 56832K, reserved 1099776K
  class space    used 6792K, capacity 7076K, committed 7168K, reserved 1048576K
}
Event: 1134.579 GC heap before
{Heap before GC invocations=18 (full 4):
 PSYoungGen      total 266240K, used 254106K [0x00000000e0000000, 0x00000000f8c80000, 0x0000000100000000)
  eden space 237568K, 100% used [0x00000000e0000000,0x00000000ee800000,0x00000000ee800000)
  from space 28672K, 57% used [0x00000000ee800000,0x00000000ef826ae0,0x00000000f0400000)
  to   space 28160K, 0% used [0x00000000f7100000,0x00000000f7100000,0x00000000f8c80000)
 ParOldGen       total 201216K, used 97358K [0x00000000a0000000, 0x00000000ac480000, 0x00000000e0000000)
  object space 201216K, 48% used [0x00000000a0000000,0x00000000a5f13a20,0x00000000ac480000)
 Metaspace       used 57153K, capacity 58338K, committed 58496K, reserved 1099776K
  class space    used 6900K, capacity 7171K, committed 7296K, reserved 1048576K
Event: 1134.660 GC heap after
Heap after GC invocations=18 (full 4):
 PSYoungGen      total 366592K, used 28149K [0x00000000e0000000, 0x00000000f9b00000, 0x0000000100000000)
  eden space 338432K, 0% used [0x00000000e0000000,0x00000000e0000000,0x00000000f4a80000)
  from space 28160K, 99% used [0x00000000f7100000,0x00000000f8c7d4b0,0x00000000f8c80000)
  to   space 39424K, 0% used [0x00000000f4a80000,0x00000000f4a80000,0x00000000f7100000)
 ParOldGen       total 201216K, used 117394K [0x00000000a0000000, 0x00000000ac480000, 0x00000000e0000000)
  object space 201216K, 58% used [0x00000000a0000000,0x00000000a72a49e0,0x00000000ac480000)
 Metaspace       used 57153K, capacity 58338K, committed 58496K, reserved 1099776K
  class space    used 6900K, capacity 7171K, committed 7296K, reserved 1048576K
}
Event: 2070.931 GC heap before
{Heap before GC invocations=19 (full 4):
 PSYoungGen      total 366592K, used 366581K [0x00000000e0000000, 0x00000000f9b00000, 0x0000000100000000)
  eden space 338432K, 100% used [0x00000000e0000000,0x00000000f4a80000,0x00000000f4a80000)
  from space 28160K, 99% used [0x00000000f7100000,0x00000000f8c7d4b0,0x00000000f8c80000)
  to   space 39424K, 0% used [0x00000000f4a80000,0x00000000f4a80000,0x00000000f7100000)
 ParOldGen       total 201216K, used 117394K [0x00000000a0000000, 0x00000000ac480000, 0x00000000e0000000)
  object space 201216K, 58% used [0x00000000a0000000,0x00000000a72a49e0,0x00000000ac480000)
 Metaspace       used 58776K, capacity 60124K, committed 60288K, reserved 1101824K
  class space    used 6964K, capacity 7286K, committed 7296K, reserved 1048576K
Event: 2071.037 GC heap after
Heap after GC invocations=19 (full 4):
 PSYoungGen      total 377856K, used 11346K [0x00000000e0000000, 0x00000000f9b00000, 0x0000000100000000)
  eden space 338432K, 0% used [0x00000000e0000000,0x00000000e0000000,0x00000000f4a80000)
  from space 39424K, 28% used [0x00000000f4a80000,0x00000000f5594828,0x00000000f7100000)
  to   space 28160K, 0% used [0x00000000f7100000,0x00000000f7100000,0x00000000f8c80000)
 ParOldGen       total 201216K, used 145185K [0x00000000a0000000, 0x00000000ac480000, 0x00000000e0000000)
  object space 201216K, 72% used [0x00000000a0000000,0x00000000a8dc86e0,0x00000000ac480000)
 Metaspace       used 58776K, capacity 60124K, committed 60288K, reserved 1101824K
  class space    used 6964K, capacity 7286K, committed 7296K, reserved 1048576K
}

