# JRE version: OpenJDK Runtime Environment (8.0_112-b06) (build 1.8.0_112-release-b06)
# Java VM: OpenJDK 64-Bit Server VM (25.112-b06 mixed mode windows-amd64 compressed oops)
Heap:
 PSYoungGen      total 472576K, used 408343K [0x00000000e0000000, 0x0000000100000000, 0x0000000100000000)
  eden space 419328K, 95% used [0x00000000e0000000,0x00000000f8625a78,0x00000000f9980000)
  from space 53248K, 16% used [0x00000000fcc00000,0x00000000fd4a0398,0x0000000100000000)
  to   space 51712K, 0% used [0x00000000f9980000,0x00000000f9980000,0x00000000fcc00000)
 ParOldGen       total 205312K, used 90569K [0x00000000a0000000, 0x00000000ac880000, 0x00000000e0000000)
  object space 205312K, 44% used [0x00000000a0000000,0x00000000a5872710,0x00000000ac880000)
 Metaspace       used 82163K, capacity 86190K, committed 86400K, reserved 1124352K
  class space    used 10517K, capacity 11277K, committed 11392K, reserved 1048576K
GC Heap History (10 events):
Event: 85.242 GC heap before
{Heap before GC invocations=20 (full 3):
 PSYoungGen      total 355328K, used 355299K [0x00000000e0000000, 0x00000000f9e00000, 0x0000000100000000)
  eden space 331776K, 100% used [0x00000000e0000000,0x00000000f4400000,0x00000000f4400000)
  from space 23552K, 99% used [0x00000000f6580000,0x00000000f7c78e98,0x00000000f7c80000)
  to   space 34304K, 0% used [0x00000000f4400000,0x00000000f4400000,0x00000000f6580000)
 ParOldGen       total 124416K, used 75968K [0x00000000a0000000, 0x00000000a7980000, 0x00000000e0000000)
  object space 124416K, 61% used [0x00000000a0000000,0x00000000a4a30370,0x00000000a7980000)
 Metaspace       used 73360K, capacity 76392K, committed 76544K, reserved 1116160K
  class space    used 9556K, capacity 10150K, committed 10240K, reserved 1048576K
Event: 85.269 GC heap after
Heap after GC invocations=20 (full 3):
 PSYoungGen      total 366080K, used 3409K [0x00000000e0000000, 0x00000000fc180000, 0x0000000100000000)
  eden space 331776K, 0% used [0x00000000e0000000,0x00000000e0000000,0x00000000f4400000)
  from space 34304K, 9% used [0x00000000f4400000,0x00000000f47547c0,0x00000000f6580000)
  to   space 34304K, 0% used [0x00000000fa000000,0x00000000fa000000,0x00000000fc180000)
 ParOldGen       total 124416K, used 88176K [0x00000000a0000000, 0x00000000a7980000, 0x00000000e0000000)
  object space 124416K, 70% used [0x00000000a0000000,0x00000000a561c138,0x00000000a7980000)
 Metaspace       used 73360K, capacity 76392K, committed 76544K, reserved 1116160K
  class space    used 9556K, capacity 10150K, committed 10240K, reserved 1048576K
}
Event: 317.241 GC heap before
{Heap before GC invocations=21 (full 3):
 PSYoungGen      total 366080K, used 335185K [0x00000000e0000000, 0x00000000fc180000, 0x0000000100000000)
  eden space 331776K, 100% used [0x00000000e0000000,0x00000000f4400000,0x00000000f4400000)
  from space 34304K, 9% used [0x00000000f4400000,0x00000000f47547c0,0x00000000f6580000)
  to   space 34304K, 0% used [0x00000000fa000000,0x00000000fa000000,0x00000000fc180000)
 ParOldGen       total 124416K, used 88176K [0x00000000a0000000, 0x00000000a7980000, 0x00000000e0000000)
  object space 124416K, 70% used [0x00000000a0000000,0x00000000a561c138,0x00000000a7980000)
 Metaspace       used 75706K, capacity 79076K, committed 79104K, reserved 1118208K
  class space    used 9827K, capacity 10494K, committed 10496K, reserved 1048576K
Event: 317.289 GC heap after
Heap after GC invocations=21 (full 3):
 PSYoungGen      total 405504K, used 16491K [0x00000000e0000000, 0x00000000fb680000, 0x0000000100000000)
  eden space 382464K, 0% used [0x00000000e0000000,0x00000000e0000000,0x00000000f7580000)
  from space 23040K, 71% used [0x00000000fa000000,0x00000000fb01ae08,0x00000000fb680000)
  to   space 33280K, 0% used [0x00000000f7580000,0x00000000f7580000,0x00000000f9600000)
 ParOldGen       total 124416K, used 88184K [0x00000000a0000000, 0x00000000a7980000, 0x00000000e0000000)
  object space 124416K, 70% used [0x00000000a0000000,0x00000000a561e138,0x00000000a7980000)
 Metaspace       used 75706K, capacity 79076K, committed 79104K, reserved 1118208K
  class space    used 9827K, capacity 10494K, committed 10496K, reserved 1048576K
}
Event: 403.362 GC heap before
{Heap before GC invocations=22 (full 3):
 PSYoungGen      total 405504K, used 398955K [0x00000000e0000000, 0x00000000fb680000, 0x0000000100000000)
  eden space 382464K, 100% used [0x00000000e0000000,0x00000000f7580000,0x00000000f7580000)
  from space 23040K, 71% used [0x00000000fa000000,0x00000000fb01ae08,0x00000000fb680000)
  to   space 33280K, 0% used [0x00000000f7580000,0x00000000f7580000,0x00000000f9600000)
 ParOldGen       total 124416K, used 88184K [0x00000000a0000000, 0x00000000a7980000, 0x00000000e0000000)
  object space 124416K, 70% used [0x00000000a0000000,0x00000000a561e138,0x00000000a7980000)
 Metaspace       used 81459K, capacity 85076K, committed 85248K, reserved 1124352K
  class space    used 10460K, capacity 11192K, committed 11264K, reserved 1048576K
Event: 403.393 GC heap after
Heap after GC invocations=22 (full 3):
 PSYoungGen      total 415744K, used 33268K [0x00000000e0000000, 0x0000000100000000, 0x0000000100000000)
  eden space 382464K, 0% used [0x00000000e0000000,0x00000000e0000000,0x00000000f7580000)
  from space 33280K, 99% used [0x00000000f7580000,0x00000000f95fd048,0x00000000f9600000)
  to   space 53248K, 0% used [0x00000000fcc00000,0x00000000fcc00000,0x0000000100000000)
 ParOldGen       total 126976K, used 126853K [0x00000000a0000000, 0x00000000a7c00000, 0x00000000e0000000)
  object space 126976K, 99% used [0x00000000a0000000,0x00000000a7be15f8,0x00000000a7c00000)
 Metaspace       used 81459K, capacity 85076K, committed 85248K, reserved 1124352K
  class space    used 10460K, capacity 11192K, committed 11264K, reserved 1048576K
}
Event: 403.393 GC heap before
{Heap before GC invocations=23 (full 4):
 PSYoungGen      total 415744K, used 33268K [0x00000000e0000000, 0x0000000100000000, 0x0000000100000000)
  eden space 382464K, 0% used [0x00000000e0000000,0x00000000e0000000,0x00000000f7580000)
  from space 33280K, 99% used [0x00000000f7580000,0x00000000f95fd048,0x00000000f9600000)
  to   space 53248K, 0% used [0x00000000fcc00000,0x00000000fcc00000,0x0000000100000000)
 ParOldGen       total 126976K, used 126853K [0x00000000a0000000, 0x00000000a7c00000, 0x00000000e0000000)
  object space 126976K, 99% used [0x00000000a0000000,0x00000000a7be15f8,0x00000000a7c00000)
 Metaspace       used 81459K, capacity 85076K, committed 85248K, reserved 1124352K
  class space    used 10460K, capacity 11192K, committed 11264K, reserved 1048576K
Event: 403.612 GC heap after
Heap after GC invocations=23 (full 4):
 PSYoungGen      total 415744K, used 0K [0x00000000e0000000, 0x0000000100000000, 0x0000000100000000)
  eden space 382464K, 0% used [0x00000000e0000000,0x00000000e0000000,0x00000000f7580000)
  from space 33280K, 0% used [0x00000000f7580000,0x00000000f7580000,0x00000000f9600000)
  to   space 53248K, 0% used [0x00000000fcc00000,0x00000000fcc00000,0x0000000100000000)
 ParOldGen       total 205312K, used 90561K [0x00000000a0000000, 0x00000000ac880000, 0x00000000e0000000)
  object space 205312K, 44% used [0x00000000a0000000,0x00000000a5870710,0x00000000ac880000)
 Metaspace       used 81458K, capacity 85070K, committed 85248K, reserved 1124352K
  class space    used 10460K, capacity 11191K, committed 11264K, reserved 1048576K
}
Event: 404.675 GC heap before
{Heap before GC invocations=24 (full 4):
 PSYoungGen      total 415744K, used 379575K [0x00000000e0000000, 0x0000000100000000, 0x0000000100000000)
  eden space 382464K, 99% used [0x00000000e0000000,0x00000000f72add10,0x00000000f7580000)
  from space 33280K, 0% used [0x00000000f7580000,0x00000000f7580000,0x00000000f9600000)
  to   space 53248K, 0% used [0x00000000fcc00000,0x00000000fcc00000,0x0000000100000000)
 ParOldGen       total 205312K, used 90561K [0x00000000a0000000, 0x00000000ac880000, 0x00000000e0000000)
  object space 205312K, 44% used [0x00000000a0000000,0x00000000a5870710,0x00000000ac880000)
 Metaspace       used 81497K, capacity 85152K, committed 85504K, reserved 1124352K
  class space    used 10461K, capacity 11194K, committed 11264K, reserved 1048576K
Event: 404.678 GC heap after
Heap after GC invocations=24 (full 4):
 PSYoungGen      total 472576K, used 8832K [0x00000000e0000000, 0x0000000100000000, 0x0000000100000000)
  eden space 419328K, 0% used [0x00000000e0000000,0x00000000e0000000,0x00000000f9980000)
  from space 53248K, 16% used [0x00000000fcc00000,0x00000000fd4a0398,0x0000000100000000)
  to   space 51712K, 0% used [0x00000000f9980000,0x00000000f9980000,0x00000000fcc00000)
 ParOldGen       total 205312K, used 90569K [0x00000000a0000000, 0x00000000ac880000, 0x00000000e0000000)
  object space 205312K, 44% used [0x00000000a0000000,0x00000000a5872710,0x00000000ac880000)
 Metaspace       used 81497K, capacity 85152K, committed 85504K, reserved 1124352K
  class space    used 10461K, capacity 11194K, committed 11264K, reserved 1048576K
}

