# JRE version: OpenJDK Runtime Environment (8.0_112-b06) (build 1.8.0_112-release-b06)
# Java VM: OpenJDK 64-Bit Server VM (25.112-b06 mixed mode windows-amd64 compressed oops)
Heap:
 PSYoungGen      total 61440K, used 22806K [0x00000000e0000000, 0x00000000e7b00000, 0x0000000100000000)
  eden space 56320K, 40% used [0x00000000e0000000,0x00000000e1645ba0,0x00000000e3700000)
  from space 5120K, 0% used [0x00000000e4680000,0x00000000e4680000,0x00000000e4b80000)
  to   space 15872K, 0% used [0x00000000e3700000,0x00000000e3700000,0x00000000e4680000)
 ParOldGen       total 118272K, used 17210K [0x00000000a0000000, 0x00000000a7380000, 0x00000000e0000000)
  object space 118272K, 14% used [0x00000000a0000000,0x00000000a10ceb70,0x00000000a7380000)
 Metaspace       used 37877K, capacity 38436K, committed 38656K, reserved 1083392K
  class space    used 4961K, capacity 5112K, committed 5120K, reserved 1048576K
GC Heap History (10 events):
Event: 6.396 GC heap before
{Heap before GC invocations=5 (full 2):
 PSYoungGen      total 38400K, used 5108K [0x00000000e0000000, 0x00000000e4b00000, 0x0000000100000000)
  eden space 33280K, 0% used [0x00000000e0000000,0x00000000e0000000,0x00000000e2080000)
  from space 5120K, 99% used [0x00000000e2080000,0x00000000e257d188,0x00000000e2580000)
  to   space 5120K, 0% used [0x00000000e4600000,0x00000000e4600000,0x00000000e4b00000)
 ParOldGen       total 87552K, used 9455K [0x00000000a0000000, 0x00000000a5580000, 0x00000000e0000000)
  object space 87552K, 10% used [0x00000000a0000000,0x00000000a093bf70,0x00000000a5580000)
 Metaspace       used 20721K, capacity 21062K, committed 21296K, reserved 1069056K
  class space    used 2540K, capacity 2647K, committed 2688K, reserved 1048576K
Event: 6.528 GC heap after
Heap after GC invocations=5 (full 2):
 PSYoungGen      total 38400K, used 0K [0x00000000e0000000, 0x00000000e4b00000, 0x0000000100000000)
  eden space 33280K, 0% used [0x00000000e0000000,0x00000000e0000000,0x00000000e2080000)
  from space 5120K, 0% used [0x00000000e2080000,0x00000000e2080000,0x00000000e2580000)
  to   space 5120K, 0% used [0x00000000e4600000,0x00000000e4600000,0x00000000e4b00000)
 ParOldGen       total 74752K, used 10646K [0x00000000a0000000, 0x00000000a4900000, 0x00000000e0000000)
  object space 74752K, 14% used [0x00000000a0000000,0x00000000a0a65910,0x00000000a4900000)
 Metaspace       used 20721K, capacity 21062K, committed 21296K, reserved 1069056K
  class space    used 2540K, capacity 2647K, committed 2688K, reserved 1048576K
}
Event: 8.544 GC heap before
{Heap before GC invocations=6 (full 2):
 PSYoungGen      total 38400K, used 33280K [0x00000000e0000000, 0x00000000e4b00000, 0x0000000100000000)
  eden space 33280K, 100% used [0x00000000e0000000,0x00000000e2080000,0x00000000e2080000)
  from space 5120K, 0% used [0x00000000e2080000,0x00000000e2080000,0x00000000e2580000)
  to   space 5120K, 0% used [0x00000000e4600000,0x00000000e4600000,0x00000000e4b00000)
 ParOldGen       total 74752K, used 10646K [0x00000000a0000000, 0x00000000a4900000, 0x00000000e0000000)
  object space 74752K, 14% used [0x00000000a0000000,0x00000000a0a65910,0x00000000a4900000)
 Metaspace       used 24313K, capacity 24730K, committed 25088K, reserved 1071104K
  class space    used 3143K, capacity 3263K, committed 3328K, reserved 1048576K
Event: 8.662 GC heap after
Heap after GC invocations=6 (full 2):
 PSYoungGen      total 52736K, used 5114K [0x00000000e0000000, 0x00000000e4b00000, 0x0000000100000000)
  eden space 47616K, 0% used [0x00000000e0000000,0x00000000e0000000,0x00000000e2e80000)
  from space 5120K, 99% used [0x00000000e4600000,0x00000000e4afe828,0x00000000e4b00000)
  to   space 5120K, 0% used [0x00000000e4100000,0x00000000e4100000,0x00000000e4600000)
 ParOldGen       total 74752K, used 12677K [0x00000000a0000000, 0x00000000a4900000, 0x00000000e0000000)
  object space 74752K, 16% used [0x00000000a0000000,0x00000000a0c614c8,0x00000000a4900000)
 Metaspace       used 24313K, capacity 24730K, committed 25088K, reserved 1071104K
  class space    used 3143K, capacity 3263K, committed 3328K, reserved 1048576K
}
Event: 10.359 GC heap before
{Heap before GC invocations=7 (full 2):
 PSYoungGen      total 52736K, used 52730K [0x00000000e0000000, 0x00000000e4b00000, 0x0000000100000000)
  eden space 47616K, 100% used [0x00000000e0000000,0x00000000e2e80000,0x00000000e2e80000)
  from space 5120K, 99% used [0x00000000e4600000,0x00000000e4afe828,0x00000000e4b00000)
  to   space 5120K, 0% used [0x00000000e4100000,0x00000000e4100000,0x00000000e4600000)
 ParOldGen       total 74752K, used 12677K [0x00000000a0000000, 0x00000000a4900000, 0x00000000e0000000)
  object space 74752K, 16% used [0x00000000a0000000,0x00000000a0c614c8,0x00000000a4900000)
 Metaspace       used 32524K, capacity 33026K, committed 33280K, reserved 1079296K
  class space    used 4207K, capacity 4345K, committed 4352K, reserved 1048576K
Event: 10.381 GC heap after
Heap after GC invocations=7 (full 2):
 PSYoungGen      total 71680K, used 5112K [0x00000000e0000000, 0x00000000e4b80000, 0x0000000100000000)
  eden space 66560K, 0% used [0x00000000e0000000,0x00000000e0000000,0x00000000e4100000)
  from space 5120K, 99% used [0x00000000e4100000,0x00000000e45fe168,0x00000000e4600000)
  to   space 5120K, 0% used [0x00000000e4680000,0x00000000e4680000,0x00000000e4b80000)
 ParOldGen       total 74752K, used 24616K [0x00000000a0000000, 0x00000000a4900000, 0x00000000e0000000)
  object space 74752K, 32% used [0x00000000a0000000,0x00000000a180a340,0x00000000a4900000)
 Metaspace       used 32524K, capacity 33026K, committed 33280K, reserved 1079296K
  class space    used 4207K, capacity 4345K, committed 4352K, reserved 1048576K
}
Event: 10.847 GC heap before
{Heap before GC invocations=8 (full 2):
 PSYoungGen      total 71680K, used 21572K [0x00000000e0000000, 0x00000000e4b80000, 0x0000000100000000)
  eden space 66560K, 24% used [0x00000000e0000000,0x00000000e1012ef0,0x00000000e4100000)
  from space 5120K, 99% used [0x00000000e4100000,0x00000000e45fe168,0x00000000e4600000)
  to   space 5120K, 0% used [0x00000000e4680000,0x00000000e4680000,0x00000000e4b80000)
 ParOldGen       total 74752K, used 24616K [0x00000000a0000000, 0x00000000a4900000, 0x00000000e0000000)
  object space 74752K, 32% used [0x00000000a0000000,0x00000000a180a340,0x00000000a4900000)
 Metaspace       used 34737K, capacity 35204K, committed 35496K, reserved 1081344K
  class space    used 4442K, capacity 4578K, committed 4608K, reserved 1048576K
Event: 10.861 GC heap after
Heap after GC invocations=8 (full 2):
 PSYoungGen      total 61440K, used 5091K [0x00000000e0000000, 0x00000000e7b00000, 0x0000000100000000)
  eden space 56320K, 0% used [0x00000000e0000000,0x00000000e0000000,0x00000000e3700000)
  from space 5120K, 99% used [0x00000000e4680000,0x00000000e4b78d58,0x00000000e4b80000)
  to   space 15872K, 0% used [0x00000000e3700000,0x00000000e3700000,0x00000000e4680000)
 ParOldGen       total 74752K, used 28161K [0x00000000a0000000, 0x00000000a4900000, 0x00000000e0000000)
  object space 74752K, 37% used [0x00000000a0000000,0x00000000a1b806c0,0x00000000a4900000)
 Metaspace       used 34737K, capacity 35204K, committed 35496K, reserved 1081344K
  class space    used 4442K, capacity 4578K, committed 4608K, reserved 1048576K
}
Event: 10.861 GC heap before
{Heap before GC invocations=9 (full 3):
 PSYoungGen      total 61440K, used 5091K [0x00000000e0000000, 0x00000000e7b00000, 0x0000000100000000)
  eden space 56320K, 0% used [0x00000000e0000000,0x00000000e0000000,0x00000000e3700000)
  from space 5120K, 99% used [0x00000000e4680000,0x00000000e4b78d58,0x00000000e4b80000)
  to   space 15872K, 0% used [0x00000000e3700000,0x00000000e3700000,0x00000000e4680000)
 ParOldGen       total 74752K, used 28161K [0x00000000a0000000, 0x00000000a4900000, 0x00000000e0000000)
  object space 74752K, 37% used [0x00000000a0000000,0x00000000a1b806c0,0x00000000a4900000)
 Metaspace       used 34737K, capacity 35204K, committed 35496K, reserved 1081344K
  class space    used 4442K, capacity 4578K, committed 4608K, reserved 1048576K
Event: 10.963 GC heap after
Heap after GC invocations=9 (full 3):
 PSYoungGen      total 61440K, used 0K [0x00000000e0000000, 0x00000000e7b00000, 0x0000000100000000)
  eden space 56320K, 0% used [0x00000000e0000000,0x00000000e0000000,0x00000000e3700000)
  from space 5120K, 0% used [0x00000000e4680000,0x00000000e4680000,0x00000000e4b80000)
  to   space 15872K, 0% used [0x00000000e3700000,0x00000000e3700000,0x00000000e4680000)
 ParOldGen       total 118272K, used 17210K [0x00000000a0000000, 0x00000000a7380000, 0x00000000e0000000)
  object space 118272K, 14% used [0x00000000a0000000,0x00000000a10ceb70,0x00000000a7380000)
 Metaspace       used 34737K, capacity 35204K, committed 35496K, reserved 1081344K
  class space    used 4442K, capacity 4578K, committed 4608K, reserved 1048576K
}

