# JRE version: OpenJDK Runtime Environment (8.0_112-b06) (build 1.8.0_112-release-b06)
# Java VM: OpenJDK 64-Bit Server VM (25.112-b06 mixed mode windows-amd64 compressed oops)
Heap:
 PSYoungGen      total 362496K, used 255431K [0x00000000e0000000, 0x0000000100000000, 0x0000000100000000)
  eden space 278528K, 61% used [0x00000000e0000000,0x00000000ea7725d0,0x00000000f1000000)
  from space 83968K, 99% used [0x00000000f7480000,0x00000000fc67f920,0x00000000fc680000)
  to   space 102912K, 0% used [0x00000000f1000000,0x00000000f1000000,0x00000000f7480000)
 ParOldGen       total 143872K, used 101801K [0x00000000a0000000, 0x00000000a8c80000, 0x00000000e0000000)
  object space 143872K, 70% used [0x00000000a0000000,0x00000000a636a720,0x00000000a8c80000)
 Metaspace       used 92949K, capacity 99126K, committed 99200K, reserved 1136640K
  class space    used 11618K, capacity 12671K, committed 12672K, reserved 1048576K
GC Heap History (10 events):
Event: 10568.293 GC heap before
{Heap before GC invocations=28 (full 4):
 PSYoungGen      total 364032K, used 363890K [0x00000000e0000000, 0x00000000fd400000, 0x0000000100000000)
  eden space 322560K, 99% used [0x00000000e0000000,0x00000000f3af2848,0x00000000f3b00000)
  from space 41472K, 99% used [0x00000000f4880000,0x00000000f70ea3b0,0x00000000f7100000)
  to   space 78336K, 0% used [0x00000000f8780000,0x00000000f8780000,0x00000000fd400000)
 ParOldGen       total 143872K, used 99995K [0x00000000a0000000, 0x00000000a8c80000, 0x00000000e0000000)
  object space 143872K, 69% used [0x00000000a0000000,0x00000000a61a6c90,0x00000000a8c80000)
 Metaspace       used 92218K, capacity 97830K, committed 98048K, reserved 1134592K
  class space    used 11528K, capacity 12517K, committed 12544K, reserved 1048576K
Event: 10568.342 GC heap after
Heap after GC invocations=28 (full 4):
 PSYoungGen      total 376320K, used 50835K [0x00000000e0000000, 0x00000000fc880000, 0x0000000100000000)
  eden space 309760K, 0% used [0x00000000e0000000,0x00000000e0000000,0x00000000f2e80000)
  from space 66560K, 76% used [0x00000000f8780000,0x00000000fb924f30,0x00000000fc880000)
  to   space 78848K, 0% used [0x00000000f2e80000,0x00000000f2e80000,0x00000000f7b80000)
 ParOldGen       total 143872K, used 100003K [0x00000000a0000000, 0x00000000a8c80000, 0x00000000e0000000)
  object space 143872K, 69% used [0x00000000a0000000,0x00000000a61a8c90,0x00000000a8c80000)
 Metaspace       used 92218K, capacity 97830K, committed 98048K, reserved 1134592K
  class space    used 11528K, capacity 12517K, committed 12544K, reserved 1048576K
}
Event: 10572.247 GC heap before
{Heap before GC invocations=29 (full 4):
 PSYoungGen      total 376320K, used 360595K [0x00000000e0000000, 0x00000000fc880000, 0x0000000100000000)
  eden space 309760K, 100% used [0x00000000e0000000,0x00000000f2e80000,0x00000000f2e80000)
  from space 66560K, 76% used [0x00000000f8780000,0x00000000fb924f30,0x00000000fc880000)
  to   space 78848K, 0% used [0x00000000f2e80000,0x00000000f2e80000,0x00000000f7b80000)
 ParOldGen       total 143872K, used 100003K [0x00000000a0000000, 0x00000000a8c80000, 0x00000000e0000000)
  object space 143872K, 69% used [0x00000000a0000000,0x00000000a61a8c90,0x00000000a8c80000)
 Metaspace       used 92468K, capacity 97964K, committed 98048K, reserved 1134592K
  class space    used 11532K, capacity 12518K, committed 12544K, reserved 1048576K
Event: 10572.313 GC heap after
Heap after GC invocations=29 (full 4):
 PSYoungGen      total 360960K, used 63222K [0x00000000e0000000, 0x00000000fc680000, 0x0000000100000000)
  eden space 297472K, 0% used [0x00000000e0000000,0x00000000e0000000,0x00000000f2280000)
  from space 63488K, 99% used [0x00000000f2e80000,0x00000000f6c3dbe8,0x00000000f6c80000)
  to   space 83968K, 0% used [0x00000000f7480000,0x00000000f7480000,0x00000000fc680000)
 ParOldGen       total 143872K, used 100011K [0x00000000a0000000, 0x00000000a8c80000, 0x00000000e0000000)
  object space 143872K, 69% used [0x00000000a0000000,0x00000000a61aac90,0x00000000a8c80000)
 Metaspace       used 92468K, capacity 97964K, committed 98048K, reserved 1134592K
  class space    used 11532K, capacity 12518K, committed 12544K, reserved 1048576K
}
Event: 10573.598 GC heap before
{Heap before GC invocations=30 (full 4):
 PSYoungGen      total 360960K, used 360694K [0x00000000e0000000, 0x00000000fc680000, 0x0000000100000000)
  eden space 297472K, 100% used [0x00000000e0000000,0x00000000f2280000,0x00000000f2280000)
  from space 63488K, 99% used [0x00000000f2e80000,0x00000000f6c3dbe8,0x00000000f6c80000)
  to   space 83968K, 0% used [0x00000000f7480000,0x00000000f7480000,0x00000000fc680000)
 ParOldGen       total 143872K, used 100011K [0x00000000a0000000, 0x00000000a8c80000, 0x00000000e0000000)
  object space 143872K, 69% used [0x00000000a0000000,0x00000000a61aac90,0x00000000a8c80000)
 Metaspace       used 92523K, capacity 98032K, committed 98304K, reserved 1134592K
  class space    used 11532K, capacity 12518K, committed 12544K, reserved 1048576K
Event: 10573.655 GC heap after
Heap after GC invocations=30 (full 4):
 PSYoungGen      total 381440K, used 79425K [0x00000000e0000000, 0x00000000fc680000, 0x0000000100000000)
  eden space 297472K, 0% used [0x00000000e0000000,0x00000000e0000000,0x00000000f2280000)
  from space 83968K, 94% used [0x00000000f7480000,0x00000000fc210640,0x00000000fc680000)
  to   space 63488K, 0% used [0x00000000f2e80000,0x00000000f2e80000,0x00000000f6c80000)
 ParOldGen       total 143872K, used 100019K [0x00000000a0000000, 0x00000000a8c80000, 0x00000000e0000000)
  object space 143872K, 69% used [0x00000000a0000000,0x00000000a61acc90,0x00000000a8c80000)
 Metaspace       used 92523K, capacity 98032K, committed 98304K, reserved 1134592K
  class space    used 11532K, capacity 12518K, committed 12544K, reserved 1048576K
}
Event: 10575.012 GC heap before
{Heap before GC invocations=31 (full 4):
 PSYoungGen      total 381440K, used 376250K [0x00000000e0000000, 0x00000000fc680000, 0x0000000100000000)
  eden space 297472K, 99% used [0x00000000e0000000,0x00000000f21de4d0,0x00000000f2280000)
  from space 83968K, 94% used [0x00000000f7480000,0x00000000fc210640,0x00000000fc680000)
  to   space 63488K, 0% used [0x00000000f2e80000,0x00000000f2e80000,0x00000000f6c80000)
 ParOldGen       total 143872K, used 100019K [0x00000000a0000000, 0x00000000a8c80000, 0x00000000e0000000)
  object space 143872K, 69% used [0x00000000a0000000,0x00000000a61acc90,0x00000000a8c80000)
 Metaspace       used 92532K, capacity 98100K, committed 98304K, reserved 1134592K
  class space    used 11532K, capacity 12518K, committed 12544K, reserved 1048576K
Event: 10575.067 GC heap after
Heap after GC invocations=31 (full 4):
 PSYoungGen      total 360960K, used 57869K [0x00000000e0000000, 0x00000000fc680000, 0x0000000100000000)
  eden space 297472K, 0% used [0x00000000e0000000,0x00000000e0000000,0x00000000f2280000)
  from space 63488K, 91% used [0x00000000f2e80000,0x00000000f6703438,0x00000000f6c80000)
  to   space 83968K, 0% used [0x00000000f7480000,0x00000000f7480000,0x00000000fc680000)
 ParOldGen       total 143872K, used 100027K [0x00000000a0000000, 0x00000000a8c80000, 0x00000000e0000000)
  object space 143872K, 69% used [0x00000000a0000000,0x00000000a61aec90,0x00000000a8c80000)
 Metaspace       used 92532K, capacity 98100K, committed 98304K, reserved 1134592K
  class space    used 11532K, capacity 12518K, committed 12544K, reserved 1048576K
}
Event: 10575.989 GC heap before
{Heap before GC invocations=32 (full 4):
 PSYoungGen      total 360960K, used 355341K [0x00000000e0000000, 0x00000000fc680000, 0x0000000100000000)
  eden space 297472K, 100% used [0x00000000e0000000,0x00000000f2280000,0x00000000f2280000)
  from space 63488K, 91% used [0x00000000f2e80000,0x00000000f6703438,0x00000000f6c80000)
  to   space 83968K, 0% used [0x00000000f7480000,0x00000000f7480000,0x00000000fc680000)
 ParOldGen       total 143872K, used 100027K [0x00000000a0000000, 0x00000000a8c80000, 0x00000000e0000000)
  object space 143872K, 69% used [0x00000000a0000000,0x00000000a61aec90,0x00000000a8c80000)
 Metaspace       used 92539K, capacity 98100K, committed 98304K, reserved 1134592K
  class space    used 11532K, capacity 12518K, committed 12544K, reserved 1048576K
Event: 10576.060 GC heap after
Heap after GC invocations=32 (full 4):
 PSYoungGen      total 362496K, used 83966K [0x00000000e0000000, 0x0000000100000000, 0x0000000100000000)
  eden space 278528K, 0% used [0x00000000e0000000,0x00000000e0000000,0x00000000f1000000)
  from space 83968K, 99% used [0x00000000f7480000,0x00000000fc67f920,0x00000000fc680000)
  to   space 102912K, 0% used [0x00000000f1000000,0x00000000f1000000,0x00000000f7480000)
 ParOldGen       total 143872K, used 101801K [0x00000000a0000000, 0x00000000a8c80000, 0x00000000e0000000)
  object space 143872K, 70% used [0x00000000a0000000,0x00000000a636a720,0x00000000a8c80000)
 Metaspace       used 92539K, capacity 98100K, committed 98304K, reserved 1134592K
  class space    used 11532K, capacity 12518K, committed 12544K, reserved 1048576K
}

