# JRE version: OpenJDK Runtime Environment (8.0_112-b06) (build 1.8.0_112-release-b06)
# Java VM: OpenJDK 64-Bit Server VM (25.112-b06 mixed mode windows-amd64 compressed oops)
Heap:
 PSYoungGen      total 307712K, used 88938K [0x00000000e0000000, 0x00000000f8780000, 0x0000000100000000)
  eden space 244224K, 23% used [0x00000000e0000000,0x00000000e38fe4b0,0x00000000eee80000)
  from space 63488K, 48% used [0x00000000eee80000,0x00000000f0c5c400,0x00000000f2c80000)
  to   space 61440K, 0% used [0x00000000f4b80000,0x00000000f4b80000,0x00000000f8780000)
 ParOldGen       total 165376K, used 86723K [0x00000000a0000000, 0x00000000aa180000, 0x00000000e0000000)
  object space 165376K, 52% used [0x00000000a0000000,0x00000000a54b0d48,0x00000000aa180000)
 Metaspace       used 70757K, capacity 73084K, committed 73344K, reserved 1114112K
  class space    used 9005K, capacity 9487K, committed 9600K, reserved 1048576K
GC Heap History (10 events):
Event: 18.860 GC heap before
{Heap before GC invocations=18 (full 3):
 PSYoungGen      total 204288K, used 204263K [0x00000000e0000000, 0x00000000efc80000, 0x0000000100000000)
  eden space 178688K, 100% used [0x00000000e0000000,0x00000000eae80000,0x00000000eae80000)
  from space 25600K, 99% used [0x00000000ed080000,0x00000000ee979f58,0x00000000ee980000)
  to   space 34816K, 0% used [0x00000000eae80000,0x00000000eae80000,0x00000000ed080000)
 ParOldGen       total 165376K, used 54114K [0x00000000a0000000, 0x00000000aa180000, 0x00000000e0000000)
  object space 165376K, 32% used [0x00000000a0000000,0x00000000a34d8a90,0x00000000aa180000)
 Metaspace       used 65927K, capacity 67800K, committed 68224K, reserved 1107968K
  class space    used 8555K, capacity 8975K, committed 9088K, reserved 1048576K
Event: 18.875 GC heap after
Heap after GC invocations=18 (full 3):
 PSYoungGen      total 213504K, used 34804K [0x00000000e0000000, 0x00000000f2d00000, 0x0000000100000000)
  eden space 178688K, 0% used [0x00000000e0000000,0x00000000e0000000,0x00000000eae80000)
  from space 34816K, 99% used [0x00000000eae80000,0x00000000ed07d0f8,0x00000000ed080000)
  to   space 40960K, 0% used [0x00000000f0500000,0x00000000f0500000,0x00000000f2d00000)
 ParOldGen       total 165376K, used 56594K [0x00000000a0000000, 0x00000000aa180000, 0x00000000e0000000)
  object space 165376K, 34% used [0x00000000a0000000,0x00000000a3744878,0x00000000aa180000)
 Metaspace       used 65927K, capacity 67800K, committed 68224K, reserved 1107968K
  class space    used 8555K, capacity 8975K, committed 9088K, reserved 1048576K
}
Event: 19.916 GC heap before
{Heap before GC invocations=19 (full 3):
 PSYoungGen      total 213504K, used 210391K [0x00000000e0000000, 0x00000000f2d00000, 0x0000000100000000)
  eden space 178688K, 98% used [0x00000000e0000000,0x00000000eab78be8,0x00000000eae80000)
  from space 34816K, 99% used [0x00000000eae80000,0x00000000ed07d0f8,0x00000000ed080000)
  to   space 40960K, 0% used [0x00000000f0500000,0x00000000f0500000,0x00000000f2d00000)
 ParOldGen       total 165376K, used 56594K [0x00000000a0000000, 0x00000000aa180000, 0x00000000e0000000)
  object space 165376K, 34% used [0x00000000a0000000,0x00000000a3744878,0x00000000aa180000)
 Metaspace       used 66836K, capacity 68778K, committed 69120K, reserved 1110016K
  class space    used 8664K, capacity 9096K, committed 9216K, reserved 1048576K
Event: 19.941 GC heap after
Heap after GC invocations=19 (full 3):
 PSYoungGen      total 255488K, used 40934K [0x00000000e0000000, 0x00000000f4280000, 0x0000000100000000)
  eden space 214528K, 0% used [0x00000000e0000000,0x00000000e0000000,0x00000000ed180000)
  from space 40960K, 99% used [0x00000000f0500000,0x00000000f2cf9b38,0x00000000f2d00000)
  to   space 52736K, 0% used [0x00000000ed180000,0x00000000ed180000,0x00000000f0500000)
 ParOldGen       total 165376K, used 70760K [0x00000000a0000000, 0x00000000aa180000, 0x00000000e0000000)
  object space 165376K, 42% used [0x00000000a0000000,0x00000000a451a0f8,0x00000000aa180000)
 Metaspace       used 66836K, capacity 68778K, committed 69120K, reserved 1110016K
  class space    used 8664K, capacity 9096K, committed 9216K, reserved 1048576K
}
Event: 21.262 GC heap before
{Heap before GC invocations=20 (full 3):
 PSYoungGen      total 255488K, used 255462K [0x00000000e0000000, 0x00000000f4280000, 0x0000000100000000)
  eden space 214528K, 100% used [0x00000000e0000000,0x00000000ed180000,0x00000000ed180000)
  from space 40960K, 99% used [0x00000000f0500000,0x00000000f2cf9b38,0x00000000f2d00000)
  to   space 52736K, 0% used [0x00000000ed180000,0x00000000ed180000,0x00000000f0500000)
 ParOldGen       total 165376K, used 70760K [0x00000000a0000000, 0x00000000aa180000, 0x00000000e0000000)
  object space 165376K, 42% used [0x00000000a0000000,0x00000000a451a0f8,0x00000000aa180000)
 Metaspace       used 69638K, capacity 71718K, committed 71936K, reserved 1112064K
  class space    used 8967K, capacity 9436K, committed 9472K, reserved 1048576K
Event: 21.290 GC heap after
Heap after GC invocations=20 (full 3):
 PSYoungGen      total 267264K, used 42498K [0x00000000e0000000, 0x00000000f6480000, 0x0000000100000000)
  eden space 214528K, 0% used [0x00000000e0000000,0x00000000e0000000,0x00000000ed180000)
  from space 52736K, 80% used [0x00000000ed180000,0x00000000efb00b10,0x00000000f0500000)
  to   space 57344K, 0% used [0x00000000f2c80000,0x00000000f2c80000,0x00000000f6480000)
 ParOldGen       total 165376K, used 70768K [0x00000000a0000000, 0x00000000aa180000, 0x00000000e0000000)
  object space 165376K, 42% used [0x00000000a0000000,0x00000000a451c0f8,0x00000000aa180000)
 Metaspace       used 69638K, capacity 71718K, committed 71936K, reserved 1112064K
  class space    used 8967K, capacity 9436K, committed 9472K, reserved 1048576K
}
Event: 271.388 GC heap before
{Heap before GC invocations=21 (full 3):
 PSYoungGen      total 267264K, used 253391K [0x00000000e0000000, 0x00000000f6480000, 0x0000000100000000)
  eden space 214528K, 98% used [0x00000000e0000000,0x00000000ecdf34d0,0x00000000ed180000)
  from space 52736K, 80% used [0x00000000ed180000,0x00000000efb00b10,0x00000000f0500000)
  to   space 57344K, 0% used [0x00000000f2c80000,0x00000000f2c80000,0x00000000f6480000)
 ParOldGen       total 165376K, used 70768K [0x00000000a0000000, 0x00000000aa180000, 0x00000000e0000000)
  object space 165376K, 42% used [0x00000000a0000000,0x00000000a451c0f8,0x00000000aa180000)
 Metaspace       used 70552K, capacity 72762K, committed 72960K, reserved 1112064K
  class space    used 8994K, capacity 9472K, committed 9472K, reserved 1048576K
Event: 271.448 GC heap after
Heap after GC invocations=21 (full 3):
 PSYoungGen      total 301568K, used 50065K [0x00000000e0000000, 0x00000000f6a80000, 0x0000000100000000)
  eden space 244224K, 0% used [0x00000000e0000000,0x00000000e0000000,0x00000000eee80000)
  from space 57344K, 87% used [0x00000000f2c80000,0x00000000f5d644f8,0x00000000f6480000)
  to   space 63488K, 0% used [0x00000000eee80000,0x00000000eee80000,0x00000000f2c80000)
 ParOldGen       total 165376K, used 86715K [0x00000000a0000000, 0x00000000aa180000, 0x00000000e0000000)
  object space 165376K, 52% used [0x00000000a0000000,0x00000000a54aed48,0x00000000aa180000)
 Metaspace       used 70552K, capacity 72762K, committed 72960K, reserved 1112064K
  class space    used 8994K, capacity 9472K, committed 9472K, reserved 1048576K
}
Event: 272.393 GC heap before
{Heap before GC invocations=22 (full 3):
 PSYoungGen      total 301568K, used 294289K [0x00000000e0000000, 0x00000000f6a80000, 0x0000000100000000)
  eden space 244224K, 100% used [0x00000000e0000000,0x00000000eee80000,0x00000000eee80000)
  from space 57344K, 87% used [0x00000000f2c80000,0x00000000f5d644f8,0x00000000f6480000)
  to   space 63488K, 0% used [0x00000000eee80000,0x00000000eee80000,0x00000000f2c80000)
 ParOldGen       total 165376K, used 86715K [0x00000000a0000000, 0x00000000aa180000, 0x00000000e0000000)
  object space 165376K, 52% used [0x00000000a0000000,0x00000000a54aed48,0x00000000aa180000)
 Metaspace       used 70564K, capacity 72762K, committed 72960K, reserved 1112064K
  class space    used 8994K, capacity 9472K, committed 9472K, reserved 1048576K
Event: 272.412 GC heap after
Heap after GC invocations=22 (full 3):
 PSYoungGen      total 307712K, used 30577K [0x00000000e0000000, 0x00000000f8780000, 0x0000000100000000)
  eden space 244224K, 0% used [0x00000000e0000000,0x00000000e0000000,0x00000000eee80000)
  from space 63488K, 48% used [0x00000000eee80000,0x00000000f0c5c400,0x00000000f2c80000)
  to   space 61440K, 0% used [0x00000000f4b80000,0x00000000f4b80000,0x00000000f8780000)
 ParOldGen       total 165376K, used 86723K [0x00000000a0000000, 0x00000000aa180000, 0x00000000e0000000)
  object space 165376K, 52% used [0x00000000a0000000,0x00000000a54b0d48,0x00000000aa180000)
 Metaspace       used 70564K, capacity 72762K, committed 72960K, reserved 1112064K
  class space    used 8994K, capacity 9472K, committed 9472K, reserved 1048576K
}

